<?xml version="1.0" encoding="UTF-8"?>
<!-- Generated by org.testng.reporters.JUnitXMLReporter -->
<testsuite hostname="LTIN209198" ignored="0" name="Default test" tests="3" failures="0" timestamp="30 Jul 2021 07:03:52 GMT" time="6.214" errors="0">
  <testcase name="test_NumberOfCircuits_ShouldBe_DataDriven" time="4.106" classname="ApiTest.Secondapi"/>
  <testcase name="test_NumberOfCircuits_ShouldBe_DataDriven" time="1.063" classname="ApiTest.Secondapi"/>
  <testcase name="test_NumberOfCircuits_ShouldBe_DataDriven" time="0.977" classname="ApiTest.Secondapi"/>
</testsuite> <!-- Default test -->
